{"C:\\Users\\hneud\\OneDrive\\Backup\\Escritorio\\DoctorApp\\src\\components\\AppointmentsSummary.js": {"path":"C:\\Users\\hneud\\OneDrive\\Backup\\Escritorio\\DoctorApp\\src\\components\\AppointmentsSummary.js","statementMap":{"0":{"start":{"line":4,"column":28},"end":{"line":239,"column":1}},"1":{"start":{"line":5,"column":63},"end":{"line":5,"column":78}},"2":{"start":{"line":6,"column":63},"end":{"line":6,"column":77}},"3":{"start":{"line":7,"column":33},"end":{"line":7,"column":67}},"4":{"start":{"line":8,"column":63},"end":{"line":8,"column":75}},"5":{"start":{"line":9,"column":25},"end":{"line":9,"column":35}},"6":{"start":{"line":12,"column":1},"end":{"line":14,"column":20}},"7":{"start":{"line":13,"column":2},"end":{"line":13,"column":88}},"8":{"start":{"line":16,"column":1},"end":{"line":23,"column":8}},"9":{"start":{"line":17,"column":23},"end":{"line":19,"column":3}},"10":{"start":{"line":18,"column":3},"end":{"line":18,"column":41}},"11":{"start":{"line":21,"column":2},"end":{"line":21,"column":50}},"12":{"start":{"line":22,"column":2},"end":{"line":22,"column":66}},"13":{"start":{"line":22,"column":15},"end":{"line":22,"column":65}},"14":{"start":{"line":25,"column":31},"end":{"line":29,"column":2}},"15":{"start":{"line":26,"column":2},"end":{"line":26,"column":38}},"16":{"start":{"line":26,"column":31},"end":{"line":26,"column":38}},"17":{"start":{"line":27,"column":2},"end":{"line":27,"column":42}},"18":{"start":{"line":28,"column":2},"end":{"line":28,"column":35}},"19":{"start":{"line":31,"column":33},"end":{"line":37,"column":2}},"20":{"start":{"line":32,"column":2},"end":{"line":36,"column":3}},"21":{"start":{"line":33,"column":3},"end":{"line":33,"column":44}},"22":{"start":{"line":34,"column":3},"end":{"line":34,"column":37}},"23":{"start":{"line":35,"column":3},"end":{"line":35,"column":36}},"24":{"start":{"line":39,"column":38},"end":{"line":42,"column":2}},"25":{"start":{"line":40,"column":2},"end":{"line":40,"column":36}},"26":{"start":{"line":41,"column":2},"end":{"line":41,"column":35}},"27":{"start":{"line":44,"column":23},"end":{"line":84,"column":2}},"28":{"start":{"line":45,"column":2},"end":{"line":45,"column":38}},"29":{"start":{"line":45,"column":31},"end":{"line":45,"column":38}},"30":{"start":{"line":47,"column":2},"end":{"line":83,"column":3}},"31":{"start":{"line":49,"column":4},"end":{"line":49,"column":23}},"32":{"start":{"line":50,"column":4},"end":{"line":53,"column":5}},"33":{"start":{"line":51,"column":5},"end":{"line":51,"column":43}},"34":{"start":{"line":52,"column":5},"end":{"line":52,"column":49}},"35":{"start":{"line":54,"column":4},"end":{"line":54,"column":10}},"36":{"start":{"line":56,"column":4},"end":{"line":56,"column":23}},"37":{"start":{"line":57,"column":4},"end":{"line":60,"column":5}},"38":{"start":{"line":58,"column":5},"end":{"line":58,"column":43}},"39":{"start":{"line":59,"column":5},"end":{"line":59,"column":49}},"40":{"start":{"line":61,"column":4},"end":{"line":61,"column":10}},"41":{"start":{"line":63,"column":4},"end":{"line":63,"column":23}},"42":{"start":{"line":64,"column":4},"end":{"line":67,"column":5}},"43":{"start":{"line":65,"column":5},"end":{"line":65,"column":35}},"44":{"start":{"line":66,"column":5},"end":{"line":66,"column":41}},"45":{"start":{"line":68,"column":4},"end":{"line":68,"column":10}},"46":{"start":{"line":70,"column":4},"end":{"line":70,"column":23}},"47":{"start":{"line":71,"column":4},"end":{"line":74,"column":5}},"48":{"start":{"line":72,"column":5},"end":{"line":72,"column":57}},"49":{"start":{"line":73,"column":5},"end":{"line":73,"column":63}},"50":{"start":{"line":75,"column":4},"end":{"line":75,"column":10}},"51":{"start":{"line":78,"column":4},"end":{"line":78,"column":23}},"52":{"start":{"line":79,"column":4},"end":{"line":79,"column":47}},"53":{"start":{"line":80,"column":4},"end":{"line":80,"column":10}},"54":{"start":{"line":82,"column":4},"end":{"line":82,"column":11}},"55":{"start":{"line":86,"column":21},"end":{"line":89,"column":2}},"56":{"start":{"line":87,"column":2},"end":{"line":87,"column":38}},"57":{"start":{"line":87,"column":31},"end":{"line":87,"column":38}},"58":{"start":{"line":88,"column":2},"end":{"line":88,"column":36}},"59":{"start":{"line":91,"column":20},"end":{"line":98,"column":2}},"60":{"start":{"line":93,"column":2},"end":{"line":97,"column":8}},"61":{"start":{"line":94,"column":3},"end":{"line":96,"column":4}},"62":{"start":{"line":94,"column":46},"end":{"line":94,"column":76}},"63":{"start":{"line":95,"column":4},"end":{"line":95,"column":35}},"64":{"start":{"line":100,"column":1},"end":{"line":144,"column":2}},"65":{"start":{"line":101,"column":2},"end":{"line":143,"column":4}},"66":{"start":{"line":146,"column":1},"end":{"line":238,"column":3}},"67":{"start":{"line":190,"column":6},"end":{"line":217,"column":12}},"68":{"start":{"line":192,"column":21},"end":{"line":192,"column":56}},"69":{"start":{"line":198,"column":25},"end":{"line":198,"column":48}},"70":{"start":{"line":199,"column":22},"end":{"line":199,"column":40}},"71":{"start":{"line":208,"column":24},"end":{"line":208,"column":58}}},"fnMap":{"0":{"name":"(anonymous_0)","decl":{"start":{"line":4,"column":28},"end":{"line":4,"column":29}},"loc":{"start":{"line":4,"column":92},"end":{"line":239,"column":1}},"line":4},"1":{"name":"(anonymous_1)","decl":{"start":{"line":12,"column":11},"end":{"line":12,"column":12}},"loc":{"start":{"line":12,"column":17},"end":{"line":14,"column":2}},"line":12},"2":{"name":"(anonymous_2)","decl":{"start":{"line":16,"column":11},"end":{"line":16,"column":12}},"loc":{"start":{"line":16,"column":17},"end":{"line":23,"column":2}},"line":16},"3":{"name":"(anonymous_3)","decl":{"start":{"line":17,"column":23},"end":{"line":17,"column":24}},"loc":{"start":{"line":17,"column":29},"end":{"line":19,"column":3}},"line":17},"4":{"name":"(anonymous_4)","decl":{"start":{"line":22,"column":9},"end":{"line":22,"column":10}},"loc":{"start":{"line":22,"column":15},"end":{"line":22,"column":65}},"line":22},"5":{"name":"(anonymous_5)","decl":{"start":{"line":25,"column":31},"end":{"line":25,"column":32}},"loc":{"start":{"line":25,"column":48},"end":{"line":29,"column":2}},"line":25},"6":{"name":"(anonymous_6)","decl":{"start":{"line":31,"column":33},"end":{"line":31,"column":34}},"loc":{"start":{"line":31,"column":39},"end":{"line":37,"column":2}},"line":31},"7":{"name":"(anonymous_7)","decl":{"start":{"line":39,"column":38},"end":{"line":39,"column":39}},"loc":{"start":{"line":39,"column":44},"end":{"line":42,"column":2}},"line":39},"8":{"name":"(anonymous_8)","decl":{"start":{"line":44,"column":23},"end":{"line":44,"column":24}},"loc":{"start":{"line":44,"column":37},"end":{"line":84,"column":2}},"line":44},"9":{"name":"(anonymous_9)","decl":{"start":{"line":86,"column":21},"end":{"line":86,"column":22}},"loc":{"start":{"line":86,"column":32},"end":{"line":89,"column":2}},"line":86},"10":{"name":"(anonymous_10)","decl":{"start":{"line":91,"column":20},"end":{"line":91,"column":21}},"loc":{"start":{"line":91,"column":26},"end":{"line":98,"column":2}},"line":91},"11":{"name":"(anonymous_11)","decl":{"start":{"line":93,"column":13},"end":{"line":93,"column":14}},"loc":{"start":{"line":93,"column":19},"end":{"line":97,"column":3}},"line":93},"12":{"name":"(anonymous_12)","decl":{"start":{"line":94,"column":37},"end":{"line":94,"column":38}},"loc":{"start":{"line":94,"column":46},"end":{"line":94,"column":76}},"line":94},"13":{"name":"(anonymous_13)","decl":{"start":{"line":189,"column":23},"end":{"line":189,"column":24}},"loc":{"start":{"line":190,"column":6},"end":{"line":217,"column":12}},"line":190},"14":{"name":"(anonymous_14)","decl":{"start":{"line":192,"column":12},"end":{"line":192,"column":13}},"loc":{"start":{"line":192,"column":21},"end":{"line":192,"column":56}},"line":192},"15":{"name":"(anonymous_15)","decl":{"start":{"line":198,"column":18},"end":{"line":198,"column":19}},"loc":{"start":{"line":198,"column":25},"end":{"line":198,"column":48}},"line":198},"16":{"name":"(anonymous_16)","decl":{"start":{"line":199,"column":16},"end":{"line":199,"column":17}},"loc":{"start":{"line":199,"column":22},"end":{"line":199,"column":40}},"line":199},"17":{"name":"(anonymous_17)","decl":{"start":{"line":208,"column":18},"end":{"line":208,"column":19}},"loc":{"start":{"line":208,"column":24},"end":{"line":208,"column":58}},"line":208}},"branchMap":{"0":{"loc":{"start":{"line":13,"column":61},"end":{"line":13,"column":86}},"type":"binary-expr","locations":[{"start":{"line":13,"column":61},"end":{"line":13,"column":81}},{"start":{"line":13,"column":85},"end":{"line":13,"column":86}}],"line":13},"1":{"loc":{"start":{"line":26,"column":2},"end":{"line":26,"column":38}},"type":"if","locations":[{"start":{"line":26,"column":2},"end":{"line":26,"column":38}},{"start":{},"end":{}}],"line":26},"2":{"loc":{"start":{"line":26,"column":6},"end":{"line":26,"column":29}},"type":"binary-expr","locations":[{"start":{"line":26,"column":6},"end":{"line":26,"column":14}},{"start":{"line":26,"column":18},"end":{"line":26,"column":29}}],"line":26},"3":{"loc":{"start":{"line":32,"column":2},"end":{"line":36,"column":3}},"type":"if","locations":[{"start":{"line":32,"column":2},"end":{"line":36,"column":3}},{"start":{},"end":{}}],"line":32},"4":{"loc":{"start":{"line":45,"column":2},"end":{"line":45,"column":38}},"type":"if","locations":[{"start":{"line":45,"column":2},"end":{"line":45,"column":38}},{"start":{},"end":{}}],"line":45},"5":{"loc":{"start":{"line":45,"column":6},"end":{"line":45,"column":29}},"type":"binary-expr","locations":[{"start":{"line":45,"column":6},"end":{"line":45,"column":14}},{"start":{"line":45,"column":18},"end":{"line":45,"column":29}}],"line":45},"6":{"loc":{"start":{"line":47,"column":2},"end":{"line":83,"column":3}},"type":"switch","locations":[{"start":{"line":48,"column":3},"end":{"line":54,"column":10}},{"start":{"line":55,"column":3},"end":{"line":61,"column":10}},{"start":{"line":62,"column":3},"end":{"line":68,"column":10}},{"start":{"line":69,"column":3},"end":{"line":75,"column":10}},{"start":{"line":76,"column":3},"end":{"line":76,"column":17}},{"start":{"line":77,"column":3},"end":{"line":80,"column":10}},{"start":{"line":81,"column":3},"end":{"line":82,"column":11}}],"line":47},"7":{"loc":{"start":{"line":50,"column":4},"end":{"line":53,"column":5}},"type":"if","locations":[{"start":{"line":50,"column":4},"end":{"line":53,"column":5}},{"start":{},"end":{}}],"line":50},"8":{"loc":{"start":{"line":50,"column":17},"end":{"line":50,"column":42}},"type":"binary-expr","locations":[{"start":{"line":50,"column":17},"end":{"line":50,"column":37}},{"start":{"line":50,"column":41},"end":{"line":50,"column":42}}],"line":50},"9":{"loc":{"start":{"line":57,"column":4},"end":{"line":60,"column":5}},"type":"if","locations":[{"start":{"line":57,"column":4},"end":{"line":60,"column":5}},{"start":{},"end":{}}],"line":57},"10":{"loc":{"start":{"line":64,"column":4},"end":{"line":67,"column":5}},"type":"if","locations":[{"start":{"line":64,"column":4},"end":{"line":67,"column":5}},{"start":{},"end":{}}],"line":64},"11":{"loc":{"start":{"line":71,"column":4},"end":{"line":74,"column":5}},"type":"if","locations":[{"start":{"line":71,"column":4},"end":{"line":74,"column":5}},{"start":{},"end":{}}],"line":71},"12":{"loc":{"start":{"line":87,"column":2},"end":{"line":87,"column":38}},"type":"if","locations":[{"start":{"line":87,"column":2},"end":{"line":87,"column":38}},{"start":{},"end":{}}],"line":87},"13":{"loc":{"start":{"line":87,"column":6},"end":{"line":87,"column":29}},"type":"binary-expr","locations":[{"start":{"line":87,"column":6},"end":{"line":87,"column":14}},{"start":{"line":87,"column":18},"end":{"line":87,"column":29}}],"line":87},"14":{"loc":{"start":{"line":94,"column":3},"end":{"line":96,"column":4}},"type":"if","locations":[{"start":{"line":94,"column":3},"end":{"line":96,"column":4}},{"start":{},"end":{}}],"line":94},"15":{"loc":{"start":{"line":100,"column":1},"end":{"line":144,"column":2}},"type":"if","locations":[{"start":{"line":100,"column":1},"end":{"line":144,"column":2}},{"start":{},"end":{}}],"line":100},"16":{"loc":{"start":{"line":108,"column":6},"end":{"line":130,"column":6}},"type":"binary-expr","locations":[{"start":{"line":108,"column":6},"end":{"line":108,"column":14}},{"start":{"line":109,"column":6},"end":{"line":129,"column":15}}],"line":108},"17":{"loc":{"start":{"line":113,"column":19},"end":{"line":113,"column":79}},"type":"cond-expr","locations":[{"start":{"line":113,"column":32},"end":{"line":113,"column":55}},{"start":{"line":113,"column":58},"end":{"line":113,"column":79}}],"line":113},"18":{"loc":{"start":{"line":116,"column":9},"end":{"line":116,"column":47}},"type":"cond-expr","locations":[{"start":{"line":116,"column":22},"end":{"line":116,"column":34}},{"start":{"line":116,"column":37},"end":{"line":116,"column":47}}],"line":116},"19":{"loc":{"start":{"line":134,"column":6},"end":{"line":134,"column":83}},"type":"cond-expr","locations":[{"start":{"line":134,"column":32},"end":{"line":134,"column":67}},{"start":{"line":134,"column":70},"end":{"line":134,"column":83}}],"line":134},"20":{"loc":{"start":{"line":134,"column":6},"end":{"line":134,"column":29}},"type":"binary-expr","locations":[{"start":{"line":134,"column":6},"end":{"line":134,"column":14}},{"start":{"line":134,"column":18},"end":{"line":134,"column":29}}],"line":134},"21":{"loc":{"start":{"line":156,"column":20},"end":{"line":156,"column":54}},"type":"cond-expr","locations":[{"start":{"line":156,"column":33},"end":{"line":156,"column":43}},{"start":{"line":156,"column":46},"end":{"line":156,"column":54}}],"line":156},"22":{"loc":{"start":{"line":164,"column":72},"end":{"line":164,"column":102}},"type":"cond-expr","locations":[{"start":{"line":164,"column":85},"end":{"line":164,"column":97}},{"start":{"line":164,"column":100},"end":{"line":164,"column":102}}],"line":164},"23":{"loc":{"start":{"line":182,"column":5},"end":{"line":182,"column":92}},"type":"cond-expr","locations":[{"start":{"line":182,"column":31},"end":{"line":182,"column":76}},{"start":{"line":182,"column":79},"end":{"line":182,"column":92}}],"line":182},"24":{"loc":{"start":{"line":182,"column":5},"end":{"line":182,"column":28}},"type":"binary-expr","locations":[{"start":{"line":182,"column":5},"end":{"line":182,"column":13}},{"start":{"line":182,"column":17},"end":{"line":182,"column":28}}],"line":182},"25":{"loc":{"start":{"line":184,"column":17},"end":{"line":184,"column":40}},"type":"binary-expr","locations":[{"start":{"line":184,"column":17},"end":{"line":184,"column":25}},{"start":{"line":184,"column":29},"end":{"line":184,"column":40}}],"line":184},"26":{"loc":{"start":{"line":193,"column":17},"end":{"line":193,"column":49}},"type":"cond-expr","locations":[{"start":{"line":193,"column":43},"end":{"line":193,"column":45}},{"start":{"line":193,"column":48},"end":{"line":193,"column":49}}],"line":193},"27":{"loc":{"start":{"line":193,"column":17},"end":{"line":193,"column":40}},"type":"binary-expr","locations":[{"start":{"line":193,"column":17},"end":{"line":193,"column":25}},{"start":{"line":193,"column":29},"end":{"line":193,"column":40}}],"line":193},"28":{"loc":{"start":{"line":197,"column":10},"end":{"line":197,"column":87}},"type":"cond-expr","locations":[{"start":{"line":197,"column":46},"end":{"line":197,"column":82}},{"start":{"line":197,"column":85},"end":{"line":197,"column":87}}],"line":197},"29":{"loc":{"start":{"line":212,"column":19},"end":{"line":212,"column":51}},"type":"cond-expr","locations":[{"start":{"line":212,"column":45},"end":{"line":212,"column":47}},{"start":{"line":212,"column":50},"end":{"line":212,"column":51}}],"line":212},"30":{"loc":{"start":{"line":212,"column":19},"end":{"line":212,"column":42}},"type":"binary-expr","locations":[{"start":{"line":212,"column":19},"end":{"line":212,"column":27}},{"start":{"line":212,"column":31},"end":{"line":212,"column":42}}],"line":212},"31":{"loc":{"start":{"line":213,"column":19},"end":{"line":213,"column":42}},"type":"binary-expr","locations":[{"start":{"line":213,"column":19},"end":{"line":213,"column":27}},{"start":{"line":213,"column":31},"end":{"line":213,"column":42}}],"line":213}},"s":{"0":1,"1":0,"2":0,"3":0,"4":0,"5":0,"6":0,"7":0,"8":0,"9":0,"10":0,"11":0,"12":0,"13":0,"14":0,"15":0,"16":0,"17":0,"18":0,"19":0,"20":0,"21":0,"22":0,"23":0,"24":0,"25":0,"26":0,"27":0,"28":0,"29":0,"30":0,"31":0,"32":0,"33":0,"34":0,"35":0,"36":0,"37":0,"38":0,"39":0,"40":0,"41":0,"42":0,"43":0,"44":0,"45":0,"46":0,"47":0,"48":0,"49":0,"50":0,"51":0,"52":0,"53":0,"54":0,"55":0,"56":0,"57":0,"58":0,"59":0,"60":0,"61":0,"62":0,"63":0,"64":0,"65":0,"66":0,"67":0,"68":0,"69":0,"70":0,"71":0},"f":{"0":0,"1":0,"2":0,"3":0,"4":0,"5":0,"6":0,"7":0,"8":0,"9":0,"10":0,"11":0,"12":0,"13":0,"14":0,"15":0,"16":0,"17":0},"b":{"0":[0,0],"1":[0,0],"2":[0,0],"3":[0,0],"4":[0,0],"5":[0,0],"6":[0,0,0,0,0,0,0],"7":[0,0],"8":[0,0],"9":[0,0],"10":[0,0],"11":[0,0],"12":[0,0],"13":[0,0],"14":[0,0],"15":[0,0],"16":[0,0],"17":[0,0],"18":[0,0],"19":[0,0],"20":[0,0],"21":[0,0],"22":[0,0],"23":[0,0],"24":[0,0],"25":[0,0],"26":[0,0],"27":[0,0],"28":[0,0],"29":[0,0],"30":[0,0],"31":[0,0]},"_coverageSchema":"1a1c01bbd47fc00a2c39e90264f33305004495a9","hash":"13f5313ac62a1b3b0ecb4ec7e1f010899bc0bc08"}
,"C:\\Users\\hneud\\OneDrive\\Backup\\Escritorio\\DoctorApp\\src\\components\\FilterComponent.js": {"path":"C:\\Users\\hneud\\OneDrive\\Backup\\Escritorio\\DoctorApp\\src\\components\\FilterComponent.js","statementMap":{"0":{"start":{"line":3,"column":24},"end":{"line":213,"column":1}},"1":{"start":{"line":4,"column":29},"end":{"line":4,"column":44}},"2":{"start":{"line":5,"column":53},"end":{"line":5,"column":65}},"3":{"start":{"line":6,"column":21},"end":{"line":6,"column":33}},"4":{"start":{"line":7,"column":20},"end":{"line":7,"column":30}},"5":{"start":{"line":10,"column":17},"end":{"line":10,"column":30}},"6":{"start":{"line":11,"column":19},"end":{"line":11,"column":34}},"7":{"start":{"line":14,"column":1},"end":{"line":16,"column":19}},"8":{"start":{"line":15,"column":2},"end":{"line":15,"column":75}},"9":{"start":{"line":18,"column":31},"end":{"line":36,"column":2}},"10":{"start":{"line":20,"column":2},"end":{"line":34,"column":3}},"11":{"start":{"line":22,"column":3},"end":{"line":22,"column":20}},"12":{"start":{"line":23,"column":9},"end":{"line":34,"column":3}},"13":{"start":{"line":25,"column":3},"end":{"line":25,"column":27}},"14":{"start":{"line":26,"column":9},"end":{"line":34,"column":3}},"15":{"start":{"line":28,"column":3},"end":{"line":28,"column":60}},"16":{"start":{"line":28,"column":43},"end":{"line":28,"column":58}},"17":{"start":{"line":30,"column":3},"end":{"line":30,"column":48}},"18":{"start":{"line":30,"column":31},"end":{"line":30,"column":48}},"19":{"start":{"line":33,"column":3},"end":{"line":33,"column":69}},"20":{"start":{"line":33,"column":47},"end":{"line":33,"column":55}},"21":{"start":{"line":35,"column":2},"end":{"line":35,"column":28}},"22":{"start":{"line":38,"column":23},"end":{"line":83,"column":2}},"23":{"start":{"line":39,"column":2},"end":{"line":44,"column":3}},"24":{"start":{"line":40,"column":3},"end":{"line":40,"column":22}},"25":{"start":{"line":41,"column":3},"end":{"line":41,"column":19}},"26":{"start":{"line":42,"column":3},"end":{"line":42,"column":28}},"27":{"start":{"line":43,"column":3},"end":{"line":43,"column":10}},"28":{"start":{"line":46,"column":2},"end":{"line":46,"column":22}},"29":{"start":{"line":46,"column":15},"end":{"line":46,"column":22}},"30":{"start":{"line":48,"column":2},"end":{"line":82,"column":3}},"31":{"start":{"line":50,"column":4},"end":{"line":50,"column":23}},"32":{"start":{"line":51,"column":4},"end":{"line":51,"column":21}},"33":{"start":{"line":52,"column":4},"end":{"line":52,"column":30}},"34":{"start":{"line":53,"column":4},"end":{"line":53,"column":33}},"35":{"start":{"line":54,"column":4},"end":{"line":54,"column":10}},"36":{"start":{"line":56,"column":4},"end":{"line":56,"column":23}},"37":{"start":{"line":57,"column":4},"end":{"line":57,"column":76}},"38":{"start":{"line":57,"column":36},"end":{"line":57,"column":74}},"39":{"start":{"line":58,"column":4},"end":{"line":58,"column":10}},"40":{"start":{"line":60,"column":4},"end":{"line":60,"column":23}},"41":{"start":{"line":61,"column":4},"end":{"line":61,"column":59}},"42":{"start":{"line":61,"column":36},"end":{"line":61,"column":57}},"43":{"start":{"line":62,"column":4},"end":{"line":62,"column":10}},"44":{"start":{"line":64,"column":4},"end":{"line":64,"column":23}},"45":{"start":{"line":65,"column":4},"end":{"line":65,"column":29}},"46":{"start":{"line":66,"column":4},"end":{"line":66,"column":10}},"47":{"start":{"line":68,"column":4},"end":{"line":68,"column":23}},"48":{"start":{"line":69,"column":4},"end":{"line":69,"column":46}},"49":{"start":{"line":70,"column":4},"end":{"line":70,"column":10}},"50":{"start":{"line":73,"column":4},"end":{"line":73,"column":23}},"51":{"start":{"line":74,"column":4},"end":{"line":78,"column":5}},"52":{"start":{"line":75,"column":5},"end":{"line":75,"column":31}},"53":{"start":{"line":77,"column":5},"end":{"line":77,"column":64}},"54":{"start":{"line":79,"column":4},"end":{"line":79,"column":10}},"55":{"start":{"line":81,"column":4},"end":{"line":81,"column":11}},"56":{"start":{"line":86,"column":1},"end":{"line":90,"column":34}},"57":{"start":{"line":87,"column":2},"end":{"line":89,"column":3}},"58":{"start":{"line":88,"column":3},"end":{"line":88,"column":51}},"59":{"start":{"line":93,"column":1},"end":{"line":103,"column":8}},"60":{"start":{"line":94,"column":29},"end":{"line":99,"column":3}},"61":{"start":{"line":95,"column":3},"end":{"line":98,"column":4}},"62":{"start":{"line":96,"column":4},"end":{"line":96,"column":21}},"63":{"start":{"line":97,"column":4},"end":{"line":97,"column":30}},"64":{"start":{"line":101,"column":2},"end":{"line":101,"column":61}},"65":{"start":{"line":102,"column":2},"end":{"line":102,"column":77}},"66":{"start":{"line":102,"column":15},"end":{"line":102,"column":76}},"67":{"start":{"line":105,"column":24},"end":{"line":108,"column":2}},"68":{"start":{"line":106,"column":2},"end":{"line":106,"column":59}},"69":{"start":{"line":106,"column":34},"end":{"line":106,"column":59}},"70":{"start":{"line":107,"column":2},"end":{"line":107,"column":49}},"71":{"start":{"line":110,"column":1},"end":{"line":212,"column":3}},"72":{"start":{"line":121,"column":19},"end":{"line":121,"column":37}},"73":{"start":{"line":157,"column":22},"end":{"line":157,"column":48}},"74":{"start":{"line":158,"column":23},"end":{"line":158,"column":48}},"75":{"start":{"line":177,"column":7},"end":{"line":197,"column":12}},"76":{"start":{"line":179,"column":23},"end":{"line":179,"column":57}},"77":{"start":{"line":180,"column":24},"end":{"line":180,"column":56}},"78":{"start":{"line":216,"column":0},"end":{"line":218,"column":2}}},"fnMap":{"0":{"name":"(anonymous_0)","decl":{"start":{"line":3,"column":24},"end":{"line":3,"column":25}},"loc":{"start":{"line":3,"column":80},"end":{"line":213,"column":1}},"line":3},"1":{"name":"(anonymous_1)","decl":{"start":{"line":14,"column":11},"end":{"line":14,"column":12}},"loc":{"start":{"line":14,"column":17},"end":{"line":16,"column":2}},"line":14},"2":{"name":"(anonymous_2)","decl":{"start":{"line":18,"column":31},"end":{"line":18,"column":32}},"loc":{"start":{"line":18,"column":46},"end":{"line":36,"column":2}},"line":18},"3":{"name":"(anonymous_3)","decl":{"start":{"line":28,"column":36},"end":{"line":28,"column":37}},"loc":{"start":{"line":28,"column":43},"end":{"line":28,"column":58}},"line":28},"4":{"name":"(anonymous_4)","decl":{"start":{"line":33,"column":40},"end":{"line":33,"column":41}},"loc":{"start":{"line":33,"column":47},"end":{"line":33,"column":55}},"line":33},"5":{"name":"(anonymous_5)","decl":{"start":{"line":38,"column":23},"end":{"line":38,"column":24}},"loc":{"start":{"line":38,"column":30},"end":{"line":83,"column":2}},"line":38},"6":{"name":"(anonymous_6)","decl":{"start":{"line":57,"column":26},"end":{"line":57,"column":27}},"loc":{"start":{"line":57,"column":36},"end":{"line":57,"column":74}},"line":57},"7":{"name":"(anonymous_7)","decl":{"start":{"line":61,"column":26},"end":{"line":61,"column":27}},"loc":{"start":{"line":61,"column":36},"end":{"line":61,"column":57}},"line":61},"8":{"name":"(anonymous_8)","decl":{"start":{"line":86,"column":11},"end":{"line":86,"column":12}},"loc":{"start":{"line":86,"column":17},"end":{"line":90,"column":2}},"line":86},"9":{"name":"(anonymous_9)","decl":{"start":{"line":93,"column":11},"end":{"line":93,"column":12}},"loc":{"start":{"line":93,"column":17},"end":{"line":103,"column":2}},"line":93},"10":{"name":"(anonymous_10)","decl":{"start":{"line":94,"column":29},"end":{"line":94,"column":30}},"loc":{"start":{"line":94,"column":40},"end":{"line":99,"column":3}},"line":94},"11":{"name":"(anonymous_11)","decl":{"start":{"line":102,"column":9},"end":{"line":102,"column":10}},"loc":{"start":{"line":102,"column":15},"end":{"line":102,"column":76}},"line":102},"12":{"name":"(anonymous_12)","decl":{"start":{"line":105,"column":24},"end":{"line":105,"column":25}},"loc":{"start":{"line":105,"column":30},"end":{"line":108,"column":2}},"line":105},"13":{"name":"(anonymous_13)","decl":{"start":{"line":121,"column":13},"end":{"line":121,"column":14}},"loc":{"start":{"line":121,"column":19},"end":{"line":121,"column":37}},"line":121},"14":{"name":"(anonymous_14)","decl":{"start":{"line":157,"column":13},"end":{"line":157,"column":14}},"loc":{"start":{"line":157,"column":22},"end":{"line":157,"column":48}},"line":157},"15":{"name":"(anonymous_15)","decl":{"start":{"line":158,"column":17},"end":{"line":158,"column":18}},"loc":{"start":{"line":158,"column":23},"end":{"line":158,"column":48}},"line":158},"16":{"name":"(anonymous_16)","decl":{"start":{"line":169,"column":19},"end":{"line":169,"column":20}},"loc":{"start":{"line":169,"column":25},"end":{"line":169,"column":27}},"line":169},"17":{"name":"(anonymous_17)","decl":{"start":{"line":176,"column":23},"end":{"line":176,"column":24}},"loc":{"start":{"line":177,"column":7},"end":{"line":197,"column":12}},"line":177},"18":{"name":"(anonymous_18)","decl":{"start":{"line":179,"column":14},"end":{"line":179,"column":15}},"loc":{"start":{"line":179,"column":23},"end":{"line":179,"column":57}},"line":179},"19":{"name":"(anonymous_19)","decl":{"start":{"line":180,"column":18},"end":{"line":180,"column":19}},"loc":{"start":{"line":180,"column":24},"end":{"line":180,"column":56}},"line":180},"20":{"name":"(anonymous_20)","decl":{"start":{"line":191,"column":20},"end":{"line":191,"column":21}},"loc":{"start":{"line":191,"column":26},"end":{"line":191,"column":28}},"line":191}},"branchMap":{"0":{"loc":{"start":{"line":20,"column":2},"end":{"line":34,"column":3}},"type":"if","locations":[{"start":{"line":20,"column":2},"end":{"line":34,"column":3}},{"start":{"line":23,"column":9},"end":{"line":34,"column":3}}],"line":20},"1":{"loc":{"start":{"line":23,"column":9},"end":{"line":34,"column":3}},"type":"if","locations":[{"start":{"line":23,"column":9},"end":{"line":34,"column":3}},{"start":{"line":26,"column":9},"end":{"line":34,"column":3}}],"line":23},"2":{"loc":{"start":{"line":26,"column":9},"end":{"line":34,"column":3}},"type":"if","locations":[{"start":{"line":26,"column":9},"end":{"line":34,"column":3}},{"start":{"line":31,"column":9},"end":{"line":34,"column":3}}],"line":26},"3":{"loc":{"start":{"line":30,"column":3},"end":{"line":30,"column":48}},"type":"if","locations":[{"start":{"line":30,"column":3},"end":{"line":30,"column":48}},{"start":{},"end":{}}],"line":30},"4":{"loc":{"start":{"line":39,"column":2},"end":{"line":44,"column":3}},"type":"if","locations":[{"start":{"line":39,"column":2},"end":{"line":44,"column":3}},{"start":{},"end":{}}],"line":39},"5":{"loc":{"start":{"line":39,"column":6},"end":{"line":39,"column":78}},"type":"binary-expr","locations":[{"start":{"line":39,"column":6},"end":{"line":39,"column":13}},{"start":{"line":39,"column":18},"end":{"line":39,"column":35}},{"start":{"line":39,"column":39},"end":{"line":39,"column":52}},{"start":{"line":39,"column":56},"end":{"line":39,"column":77}}],"line":39},"6":{"loc":{"start":{"line":46,"column":2},"end":{"line":46,"column":22}},"type":"if","locations":[{"start":{"line":46,"column":2},"end":{"line":46,"column":22}},{"start":{},"end":{}}],"line":46},"7":{"loc":{"start":{"line":48,"column":2},"end":{"line":82,"column":3}},"type":"switch","locations":[{"start":{"line":49,"column":3},"end":{"line":54,"column":10}},{"start":{"line":55,"column":3},"end":{"line":58,"column":10}},{"start":{"line":59,"column":3},"end":{"line":62,"column":10}},{"start":{"line":63,"column":3},"end":{"line":66,"column":10}},{"start":{"line":67,"column":3},"end":{"line":70,"column":10}},{"start":{"line":71,"column":3},"end":{"line":71,"column":16}},{"start":{"line":72,"column":3},"end":{"line":79,"column":10}},{"start":{"line":80,"column":3},"end":{"line":81,"column":11}}],"line":48},"8":{"loc":{"start":{"line":74,"column":4},"end":{"line":78,"column":5}},"type":"if","locations":[{"start":{"line":74,"column":4},"end":{"line":78,"column":5}},{"start":{"line":76,"column":11},"end":{"line":78,"column":5}}],"line":74},"9":{"loc":{"start":{"line":87,"column":2},"end":{"line":89,"column":3}},"type":"if","locations":[{"start":{"line":87,"column":2},"end":{"line":89,"column":3}},{"start":{},"end":{}}],"line":87},"10":{"loc":{"start":{"line":87,"column":6},"end":{"line":87,"column":39}},"type":"binary-expr","locations":[{"start":{"line":87,"column":6},"end":{"line":87,"column":12}},{"start":{"line":87,"column":16},"end":{"line":87,"column":39}}],"line":87},"11":{"loc":{"start":{"line":95,"column":3},"end":{"line":98,"column":4}},"type":"if","locations":[{"start":{"line":95,"column":3},"end":{"line":98,"column":4}},{"start":{},"end":{}}],"line":95},"12":{"loc":{"start":{"line":95,"column":7},"end":{"line":95,"column":73}},"type":"binary-expr","locations":[{"start":{"line":95,"column":7},"end":{"line":95,"column":26}},{"start":{"line":95,"column":30},"end":{"line":95,"column":73}}],"line":95},"13":{"loc":{"start":{"line":106,"column":2},"end":{"line":106,"column":59}},"type":"if","locations":[{"start":{"line":106,"column":2},"end":{"line":106,"column":59}},{"start":{},"end":{}}],"line":106},"14":{"loc":{"start":{"line":131,"column":6},"end":{"line":131,"column":42}},"type":"cond-expr","locations":[{"start":{"line":131,"column":15},"end":{"line":131,"column":37}},{"start":{"line":131,"column":40},"end":{"line":131,"column":42}}],"line":131},"15":{"loc":{"start":{"line":145,"column":4},"end":{"line":201,"column":4}},"type":"binary-expr","locations":[{"start":{"line":145,"column":4},"end":{"line":145,"column":10}},{"start":{"line":146,"column":4},"end":{"line":200,"column":10}}],"line":145},"16":{"loc":{"start":{"line":161,"column":11},"end":{"line":161,"column":56}},"type":"cond-expr","locations":[{"start":{"line":161,"column":38},"end":{"line":161,"column":51}},{"start":{"line":161,"column":54},"end":{"line":161,"column":56}}],"line":161},"17":{"loc":{"start":{"line":183,"column":12},"end":{"line":183,"column":65}},"type":"cond-expr","locations":[{"start":{"line":183,"column":47},"end":{"line":183,"column":60}},{"start":{"line":183,"column":63},"end":{"line":183,"column":65}}],"line":183}},"s":{"0":0,"1":0,"2":0,"3":0,"4":0,"5":0,"6":0,"7":0,"8":0,"9":0,"10":0,"11":0,"12":0,"13":0,"14":0,"15":0,"16":0,"17":0,"18":0,"19":0,"20":0,"21":0,"22":0,"23":0,"24":0,"25":0,"26":0,"27":0,"28":0,"29":0,"30":0,"31":0,"32":0,"33":0,"34":0,"35":0,"36":0,"37":0,"38":0,"39":0,"40":0,"41":0,"42":0,"43":0,"44":0,"45":0,"46":0,"47":0,"48":0,"49":0,"50":0,"51":0,"52":0,"53":0,"54":0,"55":0,"56":0,"57":0,"58":0,"59":0,"60":0,"61":0,"62":0,"63":0,"64":0,"65":0,"66":0,"67":0,"68":0,"69":0,"70":0,"71":0,"72":0,"73":0,"74":0,"75":0,"76":0,"77":0,"78":0},"f":{"0":0,"1":0,"2":0,"3":0,"4":0,"5":0,"6":0,"7":0,"8":0,"9":0,"10":0,"11":0,"12":0,"13":0,"14":0,"15":0,"16":0,"17":0,"18":0,"19":0,"20":0},"b":{"0":[0,0],"1":[0,0],"2":[0,0],"3":[0,0],"4":[0,0],"5":[0,0,0,0],"6":[0,0],"7":[0,0,0,0,0,0,0,0],"8":[0,0],"9":[0,0],"10":[0,0],"11":[0,0],"12":[0,0],"13":[0,0],"14":[0,0],"15":[0,0],"16":[0,0],"17":[0,0]}}
}
